[INFO][2015-11-20 16:49:13,679][org.springframework.context.support.ClassPathXmlApplicationContext]Refreshing org.springframework.context.support.ClassPathXmlApplicationContext@2e095b5c: startup date [Fri Nov 20 16:49:13 CST 2015]; root of context hierarchy
 [INFO][2015-11-20 16:49:13,738][org.springframework.beans.factory.xml.XmlBeanDefinitionReader]Loading XML bean definitions from class path resource [applicationContext.xml]
 [INFO][2015-11-20 16:50:00,087][org.springframework.context.support.ClassPathXmlApplicationContext]Refreshing org.springframework.context.support.ClassPathXmlApplicationContext@2e095b5c: startup date [Fri Nov 20 16:50:00 CST 2015]; root of context hierarchy
 [INFO][2015-11-20 16:50:00,134][org.springframework.beans.factory.xml.XmlBeanDefinitionReader]Loading XML bean definitions from class path resource [spring/applicationContext.xml]
 [INFO][2015-11-20 16:50:00,291][org.springframework.beans.factory.xml.XmlBeanDefinitionReader]Loading XML bean definitions from class path resource [applicationContext-dataSources.xml]
 [INFO][2015-11-20 16:50:28,760][org.springframework.context.support.ClassPathXmlApplicationContext]Refreshing org.springframework.context.support.ClassPathXmlApplicationContext@2e095b5c: startup date [Fri Nov 20 16:50:28 CST 2015]; root of context hierarchy
 [INFO][2015-11-20 16:50:28,812][org.springframework.beans.factory.xml.XmlBeanDefinitionReader]Loading XML bean definitions from class path resource [spring/applicationContext.xml]
 [INFO][2015-11-20 16:50:28,979][org.springframework.beans.factory.xml.XmlBeanDefinitionReader]Loading XML bean definitions from class path resource [spring/applicationContext-dataSources.xml]
 [INFO][2015-11-20 16:50:29,072][org.springframework.beans.factory.config.PropertyPlaceholderConfigurer]Loading properties file from class path resource [dataSource.properties]
 [INFO][2015-11-20 16:50:29,158][com.mchange.v2.log.MLog]MLog clients using log4j logging.
 [INFO][2015-11-20 16:50:29,368][com.mchange.v2.c3p0.C3P0Registry]Initializing c3p0-0.9.2.1 [built 20-March-2013 10:47:27 +0000; debug? true; trace: 10]
 [INFO][2015-11-20 16:50:29,591][org.hibernate.Version]HHH000412: Hibernate Core {5.0.3.Final}
 [INFO][2015-11-20 16:50:29,592][org.hibernate.cfg.Environment]HHH000206: hibernate.properties not found
 [INFO][2015-11-20 16:50:29,593][org.hibernate.cfg.Environment]HHH000021: Bytecode provider name : javassist
 [INFO][2015-11-20 16:50:29,665][org.hibernate.annotations.common.Version]HCANN000001: Hibernate Commons Annotations {5.0.0.Final}
 [INFO][2015-11-20 16:50:29,783][org.hibernate.dialect.Dialect]HHH000400: Using dialect: org.hibernate.dialect.MySQLDialect
 [INFO][2015-11-20 16:50:29,806][org.hibernate.engine.jdbc.env.internal.LobCreatorBuilderImpl]HHH000422: Disabling contextual LOB creation as connection was null
 [INFO][2015-11-20 16:50:30,234][org.springframework.orm.hibernate5.HibernateTransactionManager]Using DataSource [com.lj.mvn_ssh.dao.DynamicDataSource@4d62193b] of Hibernate SessionFactory for HibernateTransactionManager
 [INFO][2015-11-20 16:50:30,316][com.mchange.v2.c3p0.impl.AbstractPoolBackedDataSource]Initializing c3p0 pool... com.mchange.v2.c3p0.ComboPooledDataSource [ acquireIncrement -> 5, acquireRetryAttempts -> 30, acquireRetryDelay -> 1000, autoCommitOnClose -> false, automaticTestTable -> null, breakAfterAcquireFailure -> false, checkoutTimeout -> 0, connectionCustomizerClassName -> null, connectionTesterClassName -> com.mchange.v2.c3p0.impl.DefaultConnectionTester, dataSourceName -> 1hgewap9da0gwjrubg33c|2e3f9952, debugUnreturnedConnectionStackTraces -> false, description -> null, driverClass -> com.mysql.jdbc.Driver, factoryClassLocation -> null, forceIgnoreUnresolvedTransactions -> false, identityToken -> 1hgewap9da0gwjrubg33c|2e3f9952, idleConnectionTestPeriod -> 60, initialPoolSize -> 5, jdbcUrl -> jdbc:mysql://localhost:3306/test?useUnicode=true&characterEncoding=UTF-8, maxAdministrativeTaskTime -> 0, maxConnectionAge -> 0, maxIdleTime -> 60, maxIdleTimeExcessConnections -> 0, maxPoolSize -> 300, maxStatements -> 0, maxStatementsPerConnection -> 0, minPoolSize -> 1, numHelperThreads -> 3, preferredTestQuery -> null, properties -> {user=******, password=******}, propertyCycle -> 0, statementCacheNumDeferredCloseThreads -> 0, testConnectionOnCheckin -> false, testConnectionOnCheckout -> false, unreturnedConnectionTimeout -> 0, userOverrides -> {}, usesTraditionalReflectiveProxies -> false ]
 [INFO][2015-11-20 17:09:15,229][org.springframework.test.context.support.DefaultTestContextBootstrapper]Loaded default TestExecutionListener class names from location [META-INF/spring.factories]: [org.springframework.test.context.web.ServletTestExecutionListener, org.springframework.test.context.support.DirtiesContextBeforeModesTestExecutionListener, org.springframework.test.context.support.DependencyInjectionTestExecutionListener, org.springframework.test.context.support.DirtiesContextTestExecutionListener, org.springframework.test.context.transaction.TransactionalTestExecutionListener, org.springframework.test.context.jdbc.SqlScriptsTestExecutionListener]
 [INFO][2015-11-20 17:09:15,256][org.springframework.test.context.support.DefaultTestContextBootstrapper]Using TestExecutionListeners: [org.springframework.test.context.web.ServletTestExecutionListener@1fd484c3, org.springframework.test.context.support.DirtiesContextBeforeModesTestExecutionListener@39582e88, org.springframework.test.context.support.DependencyInjectionTestExecutionListener@4c570021, org.springframework.test.context.support.DirtiesContextTestExecutionListener@63c99dae, org.springframework.test.context.transaction.TransactionalTestExecutionListener@498f3db0, org.springframework.test.context.jdbc.SqlScriptsTestExecutionListener@5b1b138a]
 [INFO][2015-11-20 17:09:15,376][org.springframework.beans.factory.xml.XmlBeanDefinitionReader]Loading XML bean definitions from class path resource [spring/applicationContext.xml]
 [INFO][2015-11-20 17:09:15,515][org.springframework.beans.factory.xml.XmlBeanDefinitionReader]Loading XML bean definitions from class path resource [spring/applicationContext-dataSources.xml]
 [INFO][2015-11-20 17:09:15,628][org.springframework.context.support.GenericApplicationContext]Refreshing org.springframework.context.support.GenericApplicationContext@23160d8e: startup date [Fri Nov 20 17:09:15 CST 2015]; root of context hierarchy
 [INFO][2015-11-20 17:09:15,739][org.springframework.beans.factory.config.PropertyPlaceholderConfigurer]Loading properties file from class path resource [dataSource.properties]
 [INFO][2015-11-20 17:09:15,932][com.mchange.v2.log.MLog]MLog clients using log4j logging.
 [INFO][2015-11-20 17:09:16,134][com.mchange.v2.c3p0.C3P0Registry]Initializing c3p0-0.9.2.1 [built 20-March-2013 10:47:27 +0000; debug? true; trace: 10]
 [INFO][2015-11-20 17:09:16,355][org.hibernate.Version]HHH000412: Hibernate Core {5.0.3.Final}
 [INFO][2015-11-20 17:09:16,356][org.hibernate.cfg.Environment]HHH000206: hibernate.properties not found
 [INFO][2015-11-20 17:09:16,357][org.hibernate.cfg.Environment]HHH000021: Bytecode provider name : javassist
 [INFO][2015-11-20 17:09:16,400][org.hibernate.annotations.common.Version]HCANN000001: Hibernate Commons Annotations {5.0.0.Final}
 [INFO][2015-11-20 17:09:16,494][org.hibernate.dialect.Dialect]HHH000400: Using dialect: org.hibernate.dialect.MySQLDialect
 [INFO][2015-11-20 17:09:16,517][org.hibernate.engine.jdbc.env.internal.LobCreatorBuilderImpl]HHH000422: Disabling contextual LOB creation as connection was null
 [INFO][2015-11-20 17:09:16,966][org.springframework.orm.hibernate5.HibernateTransactionManager]Using DataSource [com.lj.mvn_ssh.dao.DynamicDataSource@69353b38] of Hibernate SessionFactory for HibernateTransactionManager
 [INFO][2015-11-20 17:09:17,165][com.mchange.v2.c3p0.impl.AbstractPoolBackedDataSource]Initializing c3p0 pool... com.mchange.v2.c3p0.ComboPooledDataSource [ acquireIncrement -> 5, acquireRetryAttempts -> 30, acquireRetryDelay -> 1000, autoCommitOnClose -> false, automaticTestTable -> null, breakAfterAcquireFailure -> false, checkoutTimeout -> 0, connectionCustomizerClassName -> null, connectionTesterClassName -> com.mchange.v2.c3p0.impl.DefaultConnectionTester, dataSourceName -> 1hgewap9da151yzlxr66s|7bba700f, debugUnreturnedConnectionStackTraces -> false, description -> null, driverClass -> com.mysql.jdbc.Driver, factoryClassLocation -> null, forceIgnoreUnresolvedTransactions -> false, identityToken -> 1hgewap9da151yzlxr66s|7bba700f, idleConnectionTestPeriod -> 60, initialPoolSize -> 5, jdbcUrl -> jdbc:mysql://localhost:3306/test?useUnicode=true&characterEncoding=UTF-8, maxAdministrativeTaskTime -> 0, maxConnectionAge -> 0, maxIdleTime -> 60, maxIdleTimeExcessConnections -> 0, maxPoolSize -> 300, maxStatements -> 0, maxStatementsPerConnection -> 0, minPoolSize -> 1, numHelperThreads -> 3, preferredTestQuery -> null, properties -> {user=******, password=******}, propertyCycle -> 0, statementCacheNumDeferredCloseThreads -> 0, testConnectionOnCheckin -> false, testConnectionOnCheckout -> false, unreturnedConnectionTimeout -> 0, userOverrides -> {}, usesTraditionalReflectiveProxies -> false ]
 [INFO][2015-11-20 17:09:17,492][org.springframework.context.support.GenericApplicationContext]Closing org.springframework.context.support.GenericApplicationContext@23160d8e: startup date [Fri Nov 20 17:09:15 CST 2015]; root of context hierarchy
 [INFO][2015-11-20 17:10:38,449][org.springframework.test.context.support.DefaultTestContextBootstrapper]Loaded default TestExecutionListener class names from location [META-INF/spring.factories]: [org.springframework.test.context.web.ServletTestExecutionListener, org.springframework.test.context.support.DirtiesContextBeforeModesTestExecutionListener, org.springframework.test.context.support.DependencyInjectionTestExecutionListener, org.springframework.test.context.support.DirtiesContextTestExecutionListener, org.springframework.test.context.transaction.TransactionalTestExecutionListener, org.springframework.test.context.jdbc.SqlScriptsTestExecutionListener]
 [INFO][2015-11-20 17:10:38,468][org.springframework.test.context.support.DefaultTestContextBootstrapper]Using TestExecutionListeners: [org.springframework.test.context.web.ServletTestExecutionListener@39582e88, org.springframework.test.context.support.DirtiesContextBeforeModesTestExecutionListener@4c570021, org.springframework.test.context.support.DependencyInjectionTestExecutionListener@63c99dae, org.springframework.test.context.support.DirtiesContextTestExecutionListener@498f3db0, org.springframework.test.context.transaction.TransactionalTestExecutionListener@5b1b138a, org.springframework.test.context.jdbc.SqlScriptsTestExecutionListener@4e9ff7c0]
 [INFO][2015-11-20 17:10:38,568][org.springframework.beans.factory.xml.XmlBeanDefinitionReader]Loading XML bean definitions from class path resource [spring/applicationContext.xml]
 [INFO][2015-11-20 17:10:38,715][org.springframework.beans.factory.xml.XmlBeanDefinitionReader]Loading XML bean definitions from class path resource [spring/applicationContext-dataSources.xml]
 [INFO][2015-11-20 17:10:38,763][org.springframework.context.support.GenericApplicationContext]Refreshing org.springframework.context.support.GenericApplicationContext@7cd3f7a0: startup date [Fri Nov 20 17:10:38 CST 2015]; root of context hierarchy
 [INFO][2015-11-20 17:10:38,857][org.springframework.beans.factory.config.PropertyPlaceholderConfigurer]Loading properties file from class path resource [dataSource.properties]
 [INFO][2015-11-20 17:10:38,959][com.mchange.v2.log.MLog]MLog clients using log4j logging.
 [INFO][2015-11-20 17:10:39,158][com.mchange.v2.c3p0.C3P0Registry]Initializing c3p0-0.9.2.1 [built 20-March-2013 10:47:27 +0000; debug? true; trace: 10]
 [INFO][2015-11-20 17:10:39,373][org.hibernate.Version]HHH000412: Hibernate Core {5.0.3.Final}
 [INFO][2015-11-20 17:10:39,375][org.hibernate.cfg.Environment]HHH000206: hibernate.properties not found
 [INFO][2015-11-20 17:10:39,377][org.hibernate.cfg.Environment]HHH000021: Bytecode provider name : javassist
 [INFO][2015-11-20 17:10:39,427][org.hibernate.annotations.common.Version]HCANN000001: Hibernate Commons Annotations {5.0.0.Final}
 [INFO][2015-11-20 17:10:39,524][org.hibernate.dialect.Dialect]HHH000400: Using dialect: org.hibernate.dialect.MySQLDialect
 [INFO][2015-11-20 17:10:39,546][org.hibernate.engine.jdbc.env.internal.LobCreatorBuilderImpl]HHH000422: Disabling contextual LOB creation as connection was null
 [INFO][2015-11-20 17:10:39,991][org.springframework.orm.hibernate5.HibernateTransactionManager]Using DataSource [com.lj.mvn_ssh.dao.DynamicDataSource@9ed5c7e] of Hibernate SessionFactory for HibernateTransactionManager
 [INFO][2015-11-20 17:10:40,133][com.mchange.v2.c3p0.impl.AbstractPoolBackedDataSource]Initializing c3p0 pool... com.mchange.v2.c3p0.ComboPooledDataSource [ acquireIncrement -> 5, acquireRetryAttempts -> 30, acquireRetryDelay -> 1000, autoCommitOnClose -> false, automaticTestTable -> null, breakAfterAcquireFailure -> false, checkoutTimeout -> 0, connectionCustomizerClassName -> null, connectionTesterClassName -> com.mchange.v2.c3p0.impl.DefaultConnectionTester, dataSourceName -> 1hgewap9da16u1a1vqqjm1|2cb2f1b1, debugUnreturnedConnectionStackTraces -> false, description -> null, driverClass -> com.mysql.jdbc.Driver, factoryClassLocation -> null, forceIgnoreUnresolvedTransactions -> false, identityToken -> 1hgewap9da16u1a1vqqjm1|2cb2f1b1, idleConnectionTestPeriod -> 60, initialPoolSize -> 5, jdbcUrl -> jdbc:mysql://localhost:3306/test?useUnicode=true&characterEncoding=UTF-8, maxAdministrativeTaskTime -> 0, maxConnectionAge -> 0, maxIdleTime -> 60, maxIdleTimeExcessConnections -> 0, maxPoolSize -> 300, maxStatements -> 0, maxStatementsPerConnection -> 0, minPoolSize -> 1, numHelperThreads -> 3, preferredTestQuery -> null, properties -> {user=******, password=******}, propertyCycle -> 0, statementCacheNumDeferredCloseThreads -> 0, testConnectionOnCheckin -> false, testConnectionOnCheckout -> false, unreturnedConnectionTimeout -> 0, userOverrides -> {}, usesTraditionalReflectiveProxies -> false ]
 [INFO][2015-11-20 17:10:40,538][org.springframework.context.support.GenericApplicationContext]Closing org.springframework.context.support.GenericApplicationContext@7cd3f7a0: startup date [Fri Nov 20 17:10:38 CST 2015]; root of context hierarchy
 [INFO][2015-11-20 17:12:21,926][org.springframework.test.context.support.DefaultTestContextBootstrapper]Loaded default TestExecutionListener class names from location [META-INF/spring.factories]: [org.springframework.test.context.web.ServletTestExecutionListener, org.springframework.test.context.support.DirtiesContextBeforeModesTestExecutionListener, org.springframework.test.context.support.DependencyInjectionTestExecutionListener, org.springframework.test.context.support.DirtiesContextTestExecutionListener, org.springframework.test.context.transaction.TransactionalTestExecutionListener, org.springframework.test.context.jdbc.SqlScriptsTestExecutionListener]
 [INFO][2015-11-20 17:12:21,944][org.springframework.test.context.support.DefaultTestContextBootstrapper]Using TestExecutionListeners: [org.springframework.test.context.web.ServletTestExecutionListener@39582e88, org.springframework.test.context.support.DirtiesContextBeforeModesTestExecutionListener@4c570021, org.springframework.test.context.support.DependencyInjectionTestExecutionListener@63c99dae, org.springframework.test.context.support.DirtiesContextTestExecutionListener@498f3db0, org.springframework.test.context.transaction.TransactionalTestExecutionListener@5b1b138a, org.springframework.test.context.jdbc.SqlScriptsTestExecutionListener@4e9ff7c0]
 [INFO][2015-11-20 17:12:22,045][org.springframework.beans.factory.xml.XmlBeanDefinitionReader]Loading XML bean definitions from class path resource [spring/applicationContext.xml]
 [INFO][2015-11-20 17:12:22,189][org.springframework.beans.factory.xml.XmlBeanDefinitionReader]Loading XML bean definitions from class path resource [spring/applicationContext-dataSources.xml]
 [INFO][2015-11-20 17:12:22,237][org.springframework.context.support.GenericApplicationContext]Refreshing org.springframework.context.support.GenericApplicationContext@7cd3f7a0: startup date [Fri Nov 20 17:12:22 CST 2015]; root of context hierarchy
 [INFO][2015-11-20 17:12:22,329][org.springframework.beans.factory.config.PropertyPlaceholderConfigurer]Loading properties file from class path resource [dataSource.properties]
 [INFO][2015-11-20 17:12:22,437][com.mchange.v2.log.MLog]MLog clients using log4j logging.
 [INFO][2015-11-20 17:12:22,640][com.mchange.v2.c3p0.C3P0Registry]Initializing c3p0-0.9.2.1 [built 20-March-2013 10:47:27 +0000; debug? true; trace: 10]
 [INFO][2015-11-20 17:12:22,862][org.hibernate.Version]HHH000412: Hibernate Core {5.0.3.Final}
 [INFO][2015-11-20 17:12:22,863][org.hibernate.cfg.Environment]HHH000206: hibernate.properties not found
 [INFO][2015-11-20 17:12:22,864][org.hibernate.cfg.Environment]HHH000021: Bytecode provider name : javassist
 [INFO][2015-11-20 17:12:22,914][org.hibernate.annotations.common.Version]HCANN000001: Hibernate Commons Annotations {5.0.0.Final}
 [INFO][2015-11-20 17:12:23,010][org.hibernate.dialect.Dialect]HHH000400: Using dialect: org.hibernate.dialect.MySQLDialect
 [INFO][2015-11-20 17:12:23,030][org.hibernate.engine.jdbc.env.internal.LobCreatorBuilderImpl]HHH000422: Disabling contextual LOB creation as connection was null
 [INFO][2015-11-20 17:12:23,472][org.springframework.orm.hibernate5.HibernateTransactionManager]Using DataSource [com.lj.mvn_ssh.dao.DynamicDataSource@205d3b06] of Hibernate SessionFactory for HibernateTransactionManager
 [INFO][2015-11-20 17:12:23,621][com.mchange.v2.c3p0.impl.AbstractPoolBackedDataSource]Initializing c3p0 pool... com.mchange.v2.c3p0.ComboPooledDataSource [ acquireIncrement -> 5, acquireRetryAttempts -> 30, acquireRetryDelay -> 1000, autoCommitOnClose -> false, automaticTestTable -> null, breakAfterAcquireFailure -> false, checkoutTimeout -> 0, connectionCustomizerClassName -> null, connectionTesterClassName -> com.mchange.v2.c3p0.impl.DefaultConnectionTester, dataSourceName -> 1hgewap9da191vq1k0c8rn|4deb9df0, debugUnreturnedConnectionStackTraces -> false, description -> null, driverClass -> com.mysql.jdbc.Driver, factoryClassLocation -> null, forceIgnoreUnresolvedTransactions -> false, identityToken -> 1hgewap9da191vq1k0c8rn|4deb9df0, idleConnectionTestPeriod -> 60, initialPoolSize -> 5, jdbcUrl -> jdbc:mysql://localhost:3306/test?useUnicode=true&characterEncoding=UTF-8, maxAdministrativeTaskTime -> 0, maxConnectionAge -> 0, maxIdleTime -> 60, maxIdleTimeExcessConnections -> 0, maxPoolSize -> 300, maxStatements -> 0, maxStatementsPerConnection -> 0, minPoolSize -> 1, numHelperThreads -> 3, preferredTestQuery -> null, properties -> {user=******, password=******}, propertyCycle -> 0, statementCacheNumDeferredCloseThreads -> 0, testConnectionOnCheckin -> false, testConnectionOnCheckout -> false, unreturnedConnectionTimeout -> 0, userOverrides -> {}, usesTraditionalReflectiveProxies -> false ]
 [INFO][2015-11-20 17:12:23,942][org.springframework.context.support.GenericApplicationContext]Closing org.springframework.context.support.GenericApplicationContext@7cd3f7a0: startup date [Fri Nov 20 17:12:22 CST 2015]; root of context hierarchy
 [INFO][2015-11-20 17:12:36,833][org.springframework.test.context.support.DefaultTestContextBootstrapper]Loaded default TestExecutionListener class names from location [META-INF/spring.factories]: [org.springframework.test.context.web.ServletTestExecutionListener, org.springframework.test.context.support.DirtiesContextBeforeModesTestExecutionListener, org.springframework.test.context.support.DependencyInjectionTestExecutionListener, org.springframework.test.context.support.DirtiesContextTestExecutionListener, org.springframework.test.context.transaction.TransactionalTestExecutionListener, org.springframework.test.context.jdbc.SqlScriptsTestExecutionListener]
 [INFO][2015-11-20 17:12:36,852][org.springframework.test.context.support.DefaultTestContextBootstrapper]Using TestExecutionListeners: [org.springframework.test.context.web.ServletTestExecutionListener@1f316cbd, org.springframework.test.context.support.DirtiesContextBeforeModesTestExecutionListener@65d9fc4a, org.springframework.test.context.support.DependencyInjectionTestExecutionListener@4a429283, org.springframework.test.context.support.DirtiesContextTestExecutionListener@58a0fc8b, org.springframework.test.context.transaction.TransactionalTestExecutionListener@31243722, org.springframework.test.context.jdbc.SqlScriptsTestExecutionListener@409fb262]
 [INFO][2015-11-20 17:12:36,957][org.springframework.beans.factory.xml.XmlBeanDefinitionReader]Loading XML bean definitions from class path resource [spring/applicationContext.xml]
 [INFO][2015-11-20 17:12:37,098][org.springframework.beans.factory.xml.XmlBeanDefinitionReader]Loading XML bean definitions from class path resource [spring/applicationContext-dataSources.xml]
 [INFO][2015-11-20 17:12:37,146][org.springframework.context.support.GenericApplicationContext]Refreshing org.springframework.context.support.GenericApplicationContext@62e45df0: startup date [Fri Nov 20 17:12:37 CST 2015]; root of context hierarchy
 [INFO][2015-11-20 17:12:37,245][org.springframework.beans.factory.config.PropertyPlaceholderConfigurer]Loading properties file from class path resource [dataSource.properties]
 [INFO][2015-11-20 17:12:37,349][com.mchange.v2.log.MLog]MLog clients using log4j logging.
 [INFO][2015-11-20 17:12:37,552][com.mchange.v2.c3p0.C3P0Registry]Initializing c3p0-0.9.2.1 [built 20-March-2013 10:47:27 +0000; debug? true; trace: 10]
 [INFO][2015-11-20 17:12:37,787][org.hibernate.Version]HHH000412: Hibernate Core {5.0.3.Final}
 [INFO][2015-11-20 17:12:37,789][org.hibernate.cfg.Environment]HHH000206: hibernate.properties not found
 [INFO][2015-11-20 17:12:37,790][org.hibernate.cfg.Environment]HHH000021: Bytecode provider name : javassist
 [INFO][2015-11-20 17:12:37,835][org.hibernate.annotations.common.Version]HCANN000001: Hibernate Commons Annotations {5.0.0.Final}
 [INFO][2015-11-20 17:12:37,927][org.hibernate.dialect.Dialect]HHH000400: Using dialect: org.hibernate.dialect.MySQLDialect
 [INFO][2015-11-20 17:12:37,946][org.hibernate.engine.jdbc.env.internal.LobCreatorBuilderImpl]HHH000422: Disabling contextual LOB creation as connection was null
 [INFO][2015-11-20 17:12:38,355][org.springframework.orm.hibernate5.HibernateTransactionManager]Using DataSource [com.lj.mvn_ssh.dao.DynamicDataSource@59423e5f] of Hibernate SessionFactory for HibernateTransactionManager
 [INFO][2015-11-20 17:12:38,509][com.mchange.v2.c3p0.impl.AbstractPoolBackedDataSource]Initializing c3p0 pool... com.mchange.v2.c3p0.ComboPooledDataSource [ acquireIncrement -> 5, acquireRetryAttempts -> 30, acquireRetryDelay -> 1000, autoCommitOnClose -> false, automaticTestTable -> null, breakAfterAcquireFailure -> false, checkoutTimeout -> 0, connectionCustomizerClassName -> null, connectionTesterClassName -> com.mchange.v2.c3p0.impl.DefaultConnectionTester, dataSourceName -> 1hgewap9da19ddv1q5l3qo|5aed3905, debugUnreturnedConnectionStackTraces -> false, description -> null, driverClass -> com.mysql.jdbc.Driver, factoryClassLocation -> null, forceIgnoreUnresolvedTransactions -> false, identityToken -> 1hgewap9da19ddv1q5l3qo|5aed3905, idleConnectionTestPeriod -> 60, initialPoolSize -> 5, jdbcUrl -> jdbc:mysql://localhost:3306/test?useUnicode=true&characterEncoding=UTF-8, maxAdministrativeTaskTime -> 0, maxConnectionAge -> 0, maxIdleTime -> 60, maxIdleTimeExcessConnections -> 0, maxPoolSize -> 300, maxStatements -> 0, maxStatementsPerConnection -> 0, minPoolSize -> 1, numHelperThreads -> 3, preferredTestQuery -> null, properties -> {user=******, password=******}, propertyCycle -> 0, statementCacheNumDeferredCloseThreads -> 0, testConnectionOnCheckin -> false, testConnectionOnCheckout -> false, unreturnedConnectionTimeout -> 0, userOverrides -> {}, usesTraditionalReflectiveProxies -> false ]
 [INFO][2015-11-20 17:12:38,864][org.springframework.context.support.GenericApplicationContext]Closing org.springframework.context.support.GenericApplicationContext@62e45df0: startup date [Fri Nov 20 17:12:37 CST 2015]; root of context hierarchy
 [INFO][2015-11-20 17:13:19,022][org.springframework.context.support.ClassPathXmlApplicationContext]Refreshing org.springframework.context.support.ClassPathXmlApplicationContext@30f1a58d: startup date [Fri Nov 20 17:13:19 CST 2015]; root of context hierarchy
 [INFO][2015-11-20 17:13:19,064][org.springframework.beans.factory.xml.XmlBeanDefinitionReader]Loading XML bean definitions from class path resource [spring/applicationContext.xml]
 [INFO][2015-11-20 17:13:19,225][org.springframework.beans.factory.xml.XmlBeanDefinitionReader]Loading XML bean definitions from class path resource [spring/applicationContext-dataSources.xml]
 [INFO][2015-11-20 17:13:19,337][org.springframework.beans.factory.config.PropertyPlaceholderConfigurer]Loading properties file from class path resource [dataSource.properties]
 [INFO][2015-11-20 17:13:19,421][com.mchange.v2.log.MLog]MLog clients using log4j logging.
 [INFO][2015-11-20 17:13:19,619][com.mchange.v2.c3p0.C3P0Registry]Initializing c3p0-0.9.2.1 [built 20-March-2013 10:47:27 +0000; debug? true; trace: 10]
 [INFO][2015-11-20 17:13:19,828][org.hibernate.Version]HHH000412: Hibernate Core {5.0.3.Final}
 [INFO][2015-11-20 17:13:19,830][org.hibernate.cfg.Environment]HHH000206: hibernate.properties not found
 [INFO][2015-11-20 17:13:19,831][org.hibernate.cfg.Environment]HHH000021: Bytecode provider name : javassist
 [INFO][2015-11-20 17:13:19,909][org.hibernate.annotations.common.Version]HCANN000001: Hibernate Commons Annotations {5.0.0.Final}
 [INFO][2015-11-20 17:13:20,003][org.hibernate.dialect.Dialect]HHH000400: Using dialect: org.hibernate.dialect.MySQLDialect
 [INFO][2015-11-20 17:13:20,025][org.hibernate.engine.jdbc.env.internal.LobCreatorBuilderImpl]HHH000422: Disabling contextual LOB creation as connection was null
 [INFO][2015-11-20 17:13:20,453][org.springframework.orm.hibernate5.HibernateTransactionManager]Using DataSource [com.lj.mvn_ssh.dao.DynamicDataSource@7d3eb2e] of Hibernate SessionFactory for HibernateTransactionManager
 [INFO][2015-11-20 17:13:20,538][com.mchange.v2.c3p0.impl.AbstractPoolBackedDataSource]Initializing c3p0 pool... com.mchange.v2.c3p0.ComboPooledDataSource [ acquireIncrement -> 5, acquireRetryAttempts -> 30, acquireRetryDelay -> 1000, autoCommitOnClose -> false, automaticTestTable -> null, breakAfterAcquireFailure -> false, checkoutTimeout -> 0, connectionCustomizerClassName -> null, connectionTesterClassName -> com.mchange.v2.c3p0.impl.DefaultConnectionTester, dataSourceName -> 1hgewap9da1a9un5kjiip|6b1ddb66, debugUnreturnedConnectionStackTraces -> false, description -> null, driverClass -> com.mysql.jdbc.Driver, factoryClassLocation -> null, forceIgnoreUnresolvedTransactions -> false, identityToken -> 1hgewap9da1a9un5kjiip|6b1ddb66, idleConnectionTestPeriod -> 60, initialPoolSize -> 5, jdbcUrl -> jdbc:mysql://localhost:3306/test?useUnicode=true&characterEncoding=UTF-8, maxAdministrativeTaskTime -> 0, maxConnectionAge -> 0, maxIdleTime -> 60, maxIdleTimeExcessConnections -> 0, maxPoolSize -> 300, maxStatements -> 0, maxStatementsPerConnection -> 0, minPoolSize -> 1, numHelperThreads -> 3, preferredTestQuery -> null, properties -> {user=******, password=******}, propertyCycle -> 0, statementCacheNumDeferredCloseThreads -> 0, testConnectionOnCheckin -> false, testConnectionOnCheckout -> false, unreturnedConnectionTimeout -> 0, userOverrides -> {}, usesTraditionalReflectiveProxies -> false ]
 [INFO][2015-11-20 17:14:43,697][org.springframework.context.support.ClassPathXmlApplicationContext]Refreshing org.springframework.context.support.ClassPathXmlApplicationContext@18ff8acd: startup date [Fri Nov 20 17:14:43 CST 2015]; root of context hierarchy
 [INFO][2015-11-20 17:14:43,748][org.springframework.beans.factory.xml.XmlBeanDefinitionReader]Loading XML bean definitions from class path resource [spring/applicationContext.xml]
 [INFO][2015-11-20 17:14:43,900][org.springframework.beans.factory.xml.XmlBeanDefinitionReader]Loading XML bean definitions from class path resource [spring/applicationContext-dataSources.xml]
 [INFO][2015-11-20 17:14:44,000][org.springframework.beans.factory.config.PropertyPlaceholderConfigurer]Loading properties file from class path resource [dataSource.properties]
 [INFO][2015-11-20 17:14:44,091][com.mchange.v2.log.MLog]MLog clients using log4j logging.
 [INFO][2015-11-20 17:14:44,305][com.mchange.v2.c3p0.C3P0Registry]Initializing c3p0-0.9.2.1 [built 20-March-2013 10:47:27 +0000; debug? true; trace: 10]
 [INFO][2015-11-20 17:14:44,525][org.hibernate.Version]HHH000412: Hibernate Core {5.0.3.Final}
 [INFO][2015-11-20 17:14:44,527][org.hibernate.cfg.Environment]HHH000206: hibernate.properties not found
 [INFO][2015-11-20 17:14:44,528][org.hibernate.cfg.Environment]HHH000021: Bytecode provider name : javassist
 [INFO][2015-11-20 17:14:44,610][org.hibernate.annotations.common.Version]HCANN000001: Hibernate Commons Annotations {5.0.0.Final}
 [INFO][2015-11-20 17:14:44,710][org.hibernate.dialect.Dialect]HHH000400: Using dialect: org.hibernate.dialect.MySQLDialect
 [INFO][2015-11-20 17:14:44,730][org.hibernate.engine.jdbc.env.internal.LobCreatorBuilderImpl]HHH000422: Disabling contextual LOB creation as connection was null
 [INFO][2015-11-20 17:14:45,173][org.springframework.orm.hibernate5.HibernateTransactionManager]Using DataSource [com.lj.mvn_ssh.dao.DynamicDataSource@59cfb7cd] of Hibernate SessionFactory for HibernateTransactionManager
 [INFO][2015-11-20 17:14:45,266][com.mchange.v2.c3p0.impl.AbstractPoolBackedDataSource]Initializing c3p0 pool... com.mchange.v2.c3p0.ComboPooledDataSource [ acquireIncrement -> 5, acquireRetryAttempts -> 30, acquireRetryDelay -> 1000, autoCommitOnClose -> false, automaticTestTable -> null, breakAfterAcquireFailure -> false, checkoutTimeout -> 0, connectionCustomizerClassName -> null, connectionTesterClassName -> com.mchange.v2.c3p0.impl.DefaultConnectionTester, dataSourceName -> 1hgewap9da1c36slxldtm|3d5a2c79, debugUnreturnedConnectionStackTraces -> false, description -> null, driverClass -> com.mysql.jdbc.Driver, factoryClassLocation -> null, forceIgnoreUnresolvedTransactions -> false, identityToken -> 1hgewap9da1c36slxldtm|3d5a2c79, idleConnectionTestPeriod -> 60, initialPoolSize -> 5, jdbcUrl -> jdbc:mysql://localhost:3306/test?useUnicode=true&characterEncoding=UTF-8, maxAdministrativeTaskTime -> 0, maxConnectionAge -> 0, maxIdleTime -> 60, maxIdleTimeExcessConnections -> 0, maxPoolSize -> 300, maxStatements -> 0, maxStatementsPerConnection -> 0, minPoolSize -> 1, numHelperThreads -> 3, preferredTestQuery -> null, properties -> {user=******, password=******}, propertyCycle -> 0, statementCacheNumDeferredCloseThreads -> 0, testConnectionOnCheckin -> false, testConnectionOnCheckout -> false, unreturnedConnectionTimeout -> 0, userOverrides -> {}, usesTraditionalReflectiveProxies -> false ]
 [INFO][2015-11-20 17:15:14,737][org.springframework.test.context.support.DefaultTestContextBootstrapper]Loaded default TestExecutionListener class names from location [META-INF/spring.factories]: [org.springframework.test.context.web.ServletTestExecutionListener, org.springframework.test.context.support.DirtiesContextBeforeModesTestExecutionListener, org.springframework.test.context.support.DependencyInjectionTestExecutionListener, org.springframework.test.context.support.DirtiesContextTestExecutionListener, org.springframework.test.context.transaction.TransactionalTestExecutionListener, org.springframework.test.context.jdbc.SqlScriptsTestExecutionListener]
 [INFO][2015-11-20 17:15:14,759][org.springframework.test.context.support.DefaultTestContextBootstrapper]Using TestExecutionListeners: [org.springframework.test.context.web.ServletTestExecutionListener@63c99dae, org.springframework.test.context.support.DirtiesContextBeforeModesTestExecutionListener@498f3db0, org.springframework.test.context.support.DependencyInjectionTestExecutionListener@5b1b138a, org.springframework.test.context.support.DirtiesContextTestExecutionListener@4e9ff7c0, org.springframework.test.context.transaction.TransactionalTestExecutionListener@68428693, org.springframework.test.context.jdbc.SqlScriptsTestExecutionListener@6791525e]
 [INFO][2015-11-20 17:15:14,864][org.springframework.beans.factory.xml.XmlBeanDefinitionReader]Loading XML bean definitions from class path resource [spring/applicationContext.xml]
 [INFO][2015-11-20 17:15:15,013][org.springframework.beans.factory.xml.XmlBeanDefinitionReader]Loading XML bean definitions from class path resource [spring/applicationContext-dataSources.xml]
 [INFO][2015-11-20 17:15:15,069][org.springframework.context.support.GenericApplicationContext]Refreshing org.springframework.context.support.GenericApplicationContext@19d1c871: startup date [Fri Nov 20 17:15:15 CST 2015]; root of context hierarchy
 [INFO][2015-11-20 17:15:15,163][org.springframework.beans.factory.config.PropertyPlaceholderConfigurer]Loading properties file from class path resource [dataSource.properties]
 [INFO][2015-11-20 17:15:15,272][com.mchange.v2.log.MLog]MLog clients using log4j logging.
 [INFO][2015-11-20 17:15:15,483][com.mchange.v2.c3p0.C3P0Registry]Initializing c3p0-0.9.2.1 [built 20-March-2013 10:47:27 +0000; debug? true; trace: 10]
 [INFO][2015-11-20 17:15:15,717][org.hibernate.Version]HHH000412: Hibernate Core {5.0.3.Final}
 [INFO][2015-11-20 17:15:15,718][org.hibernate.cfg.Environment]HHH000206: hibernate.properties not found
 [INFO][2015-11-20 17:15:15,719][org.hibernate.cfg.Environment]HHH000021: Bytecode provider name : javassist
 [INFO][2015-11-20 17:15:15,768][org.hibernate.annotations.common.Version]HCANN000001: Hibernate Commons Annotations {5.0.0.Final}
 [INFO][2015-11-20 17:15:15,870][org.hibernate.dialect.Dialect]HHH000400: Using dialect: org.hibernate.dialect.MySQLDialect
 [INFO][2015-11-20 17:15:15,895][org.hibernate.engine.jdbc.env.internal.LobCreatorBuilderImpl]HHH000422: Disabling contextual LOB creation as connection was null
 [INFO][2015-11-20 17:15:16,366][org.springframework.orm.hibernate5.HibernateTransactionManager]Using DataSource [com.lj.mvn_ssh.dao.DynamicDataSource@55335866] of Hibernate SessionFactory for HibernateTransactionManager
 [INFO][2015-11-20 17:15:16,501][com.mchange.v2.c3p0.impl.AbstractPoolBackedDataSource]Initializing c3p0 pool... com.mchange.v2.c3p0.ComboPooledDataSource [ acquireIncrement -> 5, acquireRetryAttempts -> 30, acquireRetryDelay -> 1000, autoCommitOnClose -> false, automaticTestTable -> null, breakAfterAcquireFailure -> false, checkoutTimeout -> 0, connectionCustomizerClassName -> null, connectionTesterClassName -> com.mchange.v2.c3p0.impl.DefaultConnectionTester, dataSourceName -> 1hgewap9da1cr8p1l5wflw|10bd30cc, debugUnreturnedConnectionStackTraces -> false, description -> null, driverClass -> com.mysql.jdbc.Driver, factoryClassLocation -> null, forceIgnoreUnresolvedTransactions -> false, identityToken -> 1hgewap9da1cr8p1l5wflw|10bd30cc, idleConnectionTestPeriod -> 60, initialPoolSize -> 5, jdbcUrl -> jdbc:mysql://localhost:3306/test?useUnicode=true&characterEncoding=UTF-8, maxAdministrativeTaskTime -> 0, maxConnectionAge -> 0, maxIdleTime -> 60, maxIdleTimeExcessConnections -> 0, maxPoolSize -> 300, maxStatements -> 0, maxStatementsPerConnection -> 0, minPoolSize -> 1, numHelperThreads -> 3, preferredTestQuery -> null, properties -> {user=******, password=******}, propertyCycle -> 0, statementCacheNumDeferredCloseThreads -> 0, testConnectionOnCheckin -> false, testConnectionOnCheckout -> false, unreturnedConnectionTimeout -> 0, userOverrides -> {}, usesTraditionalReflectiveProxies -> false ]
 [INFO][2015-11-20 17:15:16,841][org.springframework.context.support.GenericApplicationContext]Closing org.springframework.context.support.GenericApplicationContext@19d1c871: startup date [Fri Nov 20 17:15:15 CST 2015]; root of context hierarchy
 [INFO][2015-11-20 17:19:24,441][org.springframework.test.context.support.DefaultTestContextBootstrapper]Loaded default TestExecutionListener class names from location [META-INF/spring.factories]: [org.springframework.test.context.web.ServletTestExecutionListener, org.springframework.test.context.support.DirtiesContextBeforeModesTestExecutionListener, org.springframework.test.context.support.DependencyInjectionTestExecutionListener, org.springframework.test.context.support.DirtiesContextTestExecutionListener, org.springframework.test.context.transaction.TransactionalTestExecutionListener, org.springframework.test.context.jdbc.SqlScriptsTestExecutionListener]
 [INFO][2015-11-20 17:19:24,459][org.springframework.test.context.support.DefaultTestContextBootstrapper]Using TestExecutionListeners: [org.springframework.test.context.web.ServletTestExecutionListener@6b249338, org.springframework.test.context.support.DirtiesContextBeforeModesTestExecutionListener@2e3d787c, org.springframework.test.context.support.DependencyInjectionTestExecutionListener@45b12c9b, org.springframework.test.context.support.DirtiesContextTestExecutionListener@72e797db, org.springframework.test.context.transaction.TransactionalTestExecutionListener@42a2e5cc, org.springframework.test.context.jdbc.SqlScriptsTestExecutionListener@549cd641]
 [INFO][2015-11-20 17:19:24,548][org.springframework.beans.factory.xml.XmlBeanDefinitionReader]Loading XML bean definitions from class path resource [spring/applicationContext.xml]
 [INFO][2015-11-20 17:19:24,681][org.springframework.beans.factory.xml.XmlBeanDefinitionReader]Loading XML bean definitions from class path resource [spring/applicationContext-dataSources.xml]
 [INFO][2015-11-20 17:19:24,727][org.springframework.context.support.GenericApplicationContext]Refreshing org.springframework.context.support.GenericApplicationContext@7a9f8247: startup date [Fri Nov 20 17:19:24 CST 2015]; root of context hierarchy
 [INFO][2015-11-20 17:19:24,814][org.springframework.beans.factory.config.PropertyPlaceholderConfigurer]Loading properties file from class path resource [dataSource.properties]
 [INFO][2015-11-20 17:19:24,913][com.mchange.v2.log.MLog]MLog clients using log4j logging.
 [INFO][2015-11-20 17:19:25,108][com.mchange.v2.c3p0.C3P0Registry]Initializing c3p0-0.9.2.1 [built 20-March-2013 10:47:27 +0000; debug? true; trace: 10]
 [INFO][2015-11-20 17:19:25,313][org.hibernate.Version]HHH000412: Hibernate Core {5.0.3.Final}
 [INFO][2015-11-20 17:19:25,314][org.hibernate.cfg.Environment]HHH000206: hibernate.properties not found
 [INFO][2015-11-20 17:19:25,315][org.hibernate.cfg.Environment]HHH000021: Bytecode provider name : javassist
 [INFO][2015-11-20 17:19:25,360][org.hibernate.annotations.common.Version]HCANN000001: Hibernate Commons Annotations {5.0.0.Final}
 [INFO][2015-11-20 17:19:25,448][org.hibernate.dialect.Dialect]HHH000400: Using dialect: org.hibernate.dialect.MySQLDialect
 [INFO][2015-11-20 17:19:25,469][org.hibernate.engine.jdbc.env.internal.LobCreatorBuilderImpl]HHH000422: Disabling contextual LOB creation as connection was null
 [INFO][2015-11-20 17:19:25,866][org.springframework.orm.hibernate5.HibernateTransactionManager]Using DataSource [com.lj.mvn_ssh.dao.DynamicDataSource@f0d1c1] of Hibernate SessionFactory for HibernateTransactionManager
 [INFO][2015-11-20 17:19:26,005][com.mchange.v2.c3p0.impl.AbstractPoolBackedDataSource]Initializing c3p0 pool... com.mchange.v2.c3p0.ComboPooledDataSource [ acquireIncrement -> 5, acquireRetryAttempts -> 30, acquireRetryDelay -> 1000, autoCommitOnClose -> false, automaticTestTable -> null, breakAfterAcquireFailure -> false, checkoutTimeout -> 0, connectionCustomizerClassName -> null, connectionTesterClassName -> com.mchange.v2.c3p0.impl.DefaultConnectionTester, dataSourceName -> 1hgewap9da1i3v1ldb8el|d08ab5d, debugUnreturnedConnectionStackTraces -> false, description -> null, driverClass -> com.mysql.jdbc.Driver, factoryClassLocation -> null, forceIgnoreUnresolvedTransactions -> false, identityToken -> 1hgewap9da1i3v1ldb8el|d08ab5d, idleConnectionTestPeriod -> 60, initialPoolSize -> 5, jdbcUrl -> jdbc:mysql://localhost:3306/test?useUnicode=true&characterEncoding=UTF-8, maxAdministrativeTaskTime -> 0, maxConnectionAge -> 0, maxIdleTime -> 60, maxIdleTimeExcessConnections -> 0, maxPoolSize -> 300, maxStatements -> 0, maxStatementsPerConnection -> 0, minPoolSize -> 1, numHelperThreads -> 3, preferredTestQuery -> null, properties -> {user=******, password=******}, propertyCycle -> 0, statementCacheNumDeferredCloseThreads -> 0, testConnectionOnCheckin -> false, testConnectionOnCheckout -> false, unreturnedConnectionTimeout -> 0, userOverrides -> {}, usesTraditionalReflectiveProxies -> false ]
 [INFO][2015-11-20 17:19:26,247][org.springframework.test.context.transaction.TransactionContext]Began transaction (1) for test context [DefaultTestContext@2a2cdfbe testClass = SpringTestFrame, testInstance = com.lj.mvn_ssh.service.SpringTestFrame@68154893, testMethod = test@SpringTestFrame, testException = [null], mergedContextConfiguration = [MergedContextConfiguration@2f308a8d testClass = SpringTestFrame, locations = '{classpath:spring/applicationContext.xml}', classes = '{}', contextInitializerClasses = '[]', activeProfiles = '{}', propertySourceLocations = '{}', propertySourceProperties = '{}', contextLoader = 'org.springframework.test.context.support.DelegatingSmartContextLoader', parent = [null]]]; transaction manager [org.springframework.orm.hibernate5.HibernateTransactionManager@4d4fe047]; rollback [true]
 [WARN][2015-11-20 17:19:26,367][org.springframework.test.context.TestContextManager]Caught exception while allowing TestExecutionListener [org.springframework.test.context.transaction.TransactionalTestExecutionListener@42a2e5cc] to process 'after' execution for test: method [public void com.lj.mvn_ssh.service.SpringTestFrame.test()], instance [com.lj.mvn_ssh.service.SpringTestFrame@68154893], exception [null]
 org.springframework.orm.hibernate5.HibernateSystemException: Unknown service requested [org.hibernate.stat.spi.StatisticsImplementor]; nested exception is org.hibernate.service.UnknownServiceException: Unknown service requested [org.hibernate.stat.spi.StatisticsImplementor]
	at org.springframework.orm.hibernate5.SessionFactoryUtils.convertHibernateAccessException(SessionFactoryUtils.java:219)
	at org.springframework.orm.hibernate5.HibernateTransactionManager.convertHibernateAccessException(HibernateTransactionManager.java:741)
	at org.springframework.orm.hibernate5.HibernateTransactionManager.doRollback(HibernateTransactionManager.java:608)
	at org.springframework.transaction.support.AbstractPlatformTransactionManager.processRollback(AbstractPlatformTransactionManager.java:853)
	at org.springframework.transaction.support.AbstractPlatformTransactionManager.rollback(AbstractPlatformTransactionManager.java:830)
	at org.springframework.test.context.transaction.TransactionContext.endTransaction(TransactionContext.java:125)
	at org.springframework.test.context.transaction.TransactionalTestExecutionListener.afterTestMethod(TransactionalTestExecutionListener.java:218)
	at org.springframework.test.context.TestContextManager.afterTestMethod(TestContextManager.java:313)
	at org.springframework.test.context.junit4.statements.RunAfterTestMethodCallbacks.evaluate(RunAfterTestMethodCallbacks.java:94)
	at org.springframework.test.context.junit4.statements.SpringRepeat.evaluate(SpringRepeat.java:84)
	at org.junit.runners.ParentRunner.runLeaf(ParentRunner.java:271)
	at org.springframework.test.context.junit4.SpringJUnit4ClassRunner.runChild(SpringJUnit4ClassRunner.java:254)
	at org.springframework.test.context.junit4.SpringJUnit4ClassRunner.runChild(SpringJUnit4ClassRunner.java:89)
	at org.junit.runners.ParentRunner$3.run(ParentRunner.java:238)
	at org.junit.runners.ParentRunner$1.schedule(ParentRunner.java:63)
	at org.junit.runners.ParentRunner.runChildren(ParentRunner.java:236)
	at org.junit.runners.ParentRunner.access$000(ParentRunner.java:53)
	at org.junit.runners.ParentRunner$2.evaluate(ParentRunner.java:229)
	at org.springframework.test.context.junit4.statements.RunBeforeTestClassCallbacks.evaluate(RunBeforeTestClassCallbacks.java:61)
	at org.springframework.test.context.junit4.statements.RunAfterTestClassCallbacks.evaluate(RunAfterTestClassCallbacks.java:70)
	at org.junit.runners.ParentRunner.run(ParentRunner.java:309)
	at org.springframework.test.context.junit4.SpringJUnit4ClassRunner.run(SpringJUnit4ClassRunner.java:193)
	at org.eclipse.jdt.internal.junit4.runner.JUnit4TestReference.run(JUnit4TestReference.java:50)
	at org.eclipse.jdt.internal.junit.runner.TestExecution.run(TestExecution.java:38)
	at org.eclipse.jdt.internal.junit.runner.RemoteTestRunner.runTests(RemoteTestRunner.java:467)
	at org.eclipse.jdt.internal.junit.runner.RemoteTestRunner.runTests(RemoteTestRunner.java:683)
	at org.eclipse.jdt.internal.junit.runner.RemoteTestRunner.run(RemoteTestRunner.java:390)
	at org.eclipse.jdt.internal.junit.runner.RemoteTestRunner.main(RemoteTestRunner.java:197)
Caused by: org.hibernate.service.UnknownServiceException: Unknown service requested [org.hibernate.stat.spi.StatisticsImplementor]
	at org.hibernate.service.internal.AbstractServiceRegistryImpl.getService(AbstractServiceRegistryImpl.java:184)
	at org.hibernate.internal.SessionFactoryImpl.getStatisticsImplementor(SessionFactoryImpl.java:1168)
	at org.hibernate.internal.SessionFactoryImpl.getStatistics(SessionFactoryImpl.java:1164)
	at org.hibernate.internal.SessionImpl.afterTransactionCompletion(SessionImpl.java:2302)
	at org.hibernate.engine.jdbc.internal.JdbcCoordinatorImpl.afterTransactionCompletion(JdbcCoordinatorImpl.java:491)
	at org.hibernate.resource.transaction.backend.jdbc.internal.JdbcResourceLocalTransactionCoordinatorImpl.afterCompletionCallback(JdbcResourceLocalTransactionCoordinatorImpl.java:166)
	at org.hibernate.resource.transaction.backend.jdbc.internal.JdbcResourceLocalTransactionCoordinatorImpl.access$200(JdbcResourceLocalTransactionCoordinatorImpl.java:38)
	at org.hibernate.resource.transaction.backend.jdbc.internal.JdbcResourceLocalTransactionCoordinatorImpl$TransactionDriverControlImpl.rollback(JdbcResourceLocalTransactionCoordinatorImpl.java:250)
	at org.hibernate.engine.transaction.internal.TransactionImpl.rollback(TransactionImpl.java:89)
	at org.springframework.orm.hibernate5.HibernateTransactionManager.doRollback(HibernateTransactionManager.java:601)
	... 25 more
[INFO][2015-11-20 17:19:26,375][org.springframework.context.support.GenericApplicationContext]Closing org.springframework.context.support.GenericApplicationContext@7a9f8247: startup date [Fri Nov 20 17:19:24 CST 2015]; root of context hierarchy
 [INFO][2015-11-20 17:22:46,073][org.springframework.test.context.support.DefaultTestContextBootstrapper]Loaded default TestExecutionListener class names from location [META-INF/spring.factories]: [org.springframework.test.context.web.ServletTestExecutionListener, org.springframework.test.context.support.DirtiesContextBeforeModesTestExecutionListener, org.springframework.test.context.support.DependencyInjectionTestExecutionListener, org.springframework.test.context.support.DirtiesContextTestExecutionListener, org.springframework.test.context.transaction.TransactionalTestExecutionListener, org.springframework.test.context.jdbc.SqlScriptsTestExecutionListener]
 [INFO][2015-11-20 17:22:46,093][org.springframework.test.context.support.DefaultTestContextBootstrapper]Using TestExecutionListeners: [org.springframework.test.context.web.ServletTestExecutionListener@42a2e5cc, org.springframework.test.context.support.DirtiesContextBeforeModesTestExecutionListener@549cd641, org.springframework.test.context.support.DependencyInjectionTestExecutionListener@4b670cd, org.springframework.test.context.support.DirtiesContextTestExecutionListener@65a7a525, org.springframework.test.context.transaction.TransactionalTestExecutionListener@614b5446, org.springframework.test.context.jdbc.SqlScriptsTestExecutionListener@1889f191]
 [INFO][2015-11-20 17:22:46,207][org.springframework.beans.factory.xml.XmlBeanDefinitionReader]Loading XML bean definitions from class path resource [spring/applicationContext.xml]
 [INFO][2015-11-20 17:22:46,375][org.springframework.beans.factory.xml.XmlBeanDefinitionReader]Loading XML bean definitions from class path resource [spring/applicationContext-dataSources.xml]
 [INFO][2015-11-20 17:22:46,440][org.springframework.context.support.GenericApplicationContext]Refreshing org.springframework.context.support.GenericApplicationContext@2b76be4: startup date [Fri Nov 20 17:22:46 CST 2015]; root of context hierarchy
 [INFO][2015-11-20 17:22:46,557][org.springframework.beans.factory.config.PropertyPlaceholderConfigurer]Loading properties file from class path resource [dataSource.properties]
 [INFO][2015-11-20 17:22:46,683][com.mchange.v2.log.MLog]MLog clients using log4j logging.
 [INFO][2015-11-20 17:22:46,893][com.mchange.v2.c3p0.C3P0Registry]Initializing c3p0-0.9.2.1 [built 20-March-2013 10:47:27 +0000; debug? true; trace: 10]
 [INFO][2015-11-20 17:22:47,126][org.hibernate.Version]HHH000412: Hibernate Core {5.0.3.Final}
 [INFO][2015-11-20 17:22:47,128][org.hibernate.cfg.Environment]HHH000206: hibernate.properties not found
 [INFO][2015-11-20 17:22:47,129][org.hibernate.cfg.Environment]HHH000021: Bytecode provider name : javassist
 [INFO][2015-11-20 17:22:47,182][org.hibernate.annotations.common.Version]HCANN000001: Hibernate Commons Annotations {5.0.0.Final}
 [INFO][2015-11-20 17:22:47,283][org.hibernate.dialect.Dialect]HHH000400: Using dialect: org.hibernate.dialect.MySQLDialect
 [INFO][2015-11-20 17:22:47,306][org.hibernate.engine.jdbc.env.internal.LobCreatorBuilderImpl]HHH000422: Disabling contextual LOB creation as connection was null
 [INFO][2015-11-20 17:22:47,758][org.springframework.orm.hibernate5.HibernateTransactionManager]Using DataSource [com.lj.mvn_ssh.dao.DynamicDataSource@7e5a5d21] of Hibernate SessionFactory for HibernateTransactionManager
 [INFO][2015-11-20 17:22:47,922][com.mchange.v2.c3p0.impl.AbstractPoolBackedDataSource]Initializing c3p0 pool... com.mchange.v2.c3p0.ComboPooledDataSource [ acquireIncrement -> 5, acquireRetryAttempts -> 30, acquireRetryDelay -> 1000, autoCommitOnClose -> false, automaticTestTable -> null, breakAfterAcquireFailure -> false, checkoutTimeout -> 0, connectionCustomizerClassName -> null, connectionTesterClassName -> com.mchange.v2.c3p0.impl.DefaultConnectionTester, dataSourceName -> 1hgewap9da1mfjy1c8hg1a|4daa70ef, debugUnreturnedConnectionStackTraces -> false, description -> null, driverClass -> com.mysql.jdbc.Driver, factoryClassLocation -> null, forceIgnoreUnresolvedTransactions -> false, identityToken -> 1hgewap9da1mfjy1c8hg1a|4daa70ef, idleConnectionTestPeriod -> 60, initialPoolSize -> 5, jdbcUrl -> jdbc:mysql://localhost:3306/test?useUnicode=true&characterEncoding=UTF-8, maxAdministrativeTaskTime -> 0, maxConnectionAge -> 0, maxIdleTime -> 60, maxIdleTimeExcessConnections -> 0, maxPoolSize -> 300, maxStatements -> 0, maxStatementsPerConnection -> 0, minPoolSize -> 1, numHelperThreads -> 3, preferredTestQuery -> null, properties -> {user=******, password=******}, propertyCycle -> 0, statementCacheNumDeferredCloseThreads -> 0, testConnectionOnCheckin -> false, testConnectionOnCheckout -> false, unreturnedConnectionTimeout -> 0, userOverrides -> {}, usesTraditionalReflectiveProxies -> false ]
 [INFO][2015-11-20 17:22:48,188][org.springframework.test.context.transaction.TransactionContext]Began transaction (1) for test context [DefaultTestContext@7746e4cd testClass = SpringTestFrame, testInstance = com.lj.mvn_ssh.service.SpringTestFrame@4f578be8, testMethod = test@SpringTestFrame, testException = [null], mergedContextConfiguration = [MergedContextConfiguration@42c87005 testClass = SpringTestFrame, locations = '{classpath:spring/applicationContext.xml}', classes = '{}', contextInitializerClasses = '[]', activeProfiles = '{}', propertySourceLocations = '{}', propertySourceProperties = '{}', contextLoader = 'org.springframework.test.context.support.DelegatingSmartContextLoader', parent = [null]]]; transaction manager [org.springframework.orm.hibernate5.HibernateTransactionManager@7ca25509]; rollback [true]
 [INFO][2015-11-20 17:22:48,283][org.springframework.test.context.transaction.TransactionContext]Rolled back transaction for test context [DefaultTestContext@7746e4cd testClass = SpringTestFrame, testInstance = com.lj.mvn_ssh.service.SpringTestFrame@4f578be8, testMethod = test@SpringTestFrame, testException = [null], mergedContextConfiguration = [MergedContextConfiguration@42c87005 testClass = SpringTestFrame, locations = '{classpath:spring/applicationContext.xml}', classes = '{}', contextInitializerClasses = '[]', activeProfiles = '{}', propertySourceLocations = '{}', propertySourceProperties = '{}', contextLoader = 'org.springframework.test.context.support.DelegatingSmartContextLoader', parent = [null]]].
 [INFO][2015-11-20 17:22:48,286][org.springframework.context.support.GenericApplicationContext]Closing org.springframework.context.support.GenericApplicationContext@2b76be4: startup date [Fri Nov 20 17:22:46 CST 2015]; root of context hierarchy
 [INFO][2015-11-20 17:23:16,908][org.springframework.test.context.support.DefaultTestContextBootstrapper]Loaded default TestExecutionListener class names from location [META-INF/spring.factories]: [org.springframework.test.context.web.ServletTestExecutionListener, org.springframework.test.context.support.DirtiesContextBeforeModesTestExecutionListener, org.springframework.test.context.support.DependencyInjectionTestExecutionListener, org.springframework.test.context.support.DirtiesContextTestExecutionListener, org.springframework.test.context.transaction.TransactionalTestExecutionListener, org.springframework.test.context.jdbc.SqlScriptsTestExecutionListener]
 [INFO][2015-11-20 17:23:16,926][org.springframework.test.context.support.DefaultTestContextBootstrapper]Using TestExecutionListeners: [org.springframework.test.context.web.ServletTestExecutionListener@2e3d787c, org.springframework.test.context.support.DirtiesContextBeforeModesTestExecutionListener@45b12c9b, org.springframework.test.context.support.DependencyInjectionTestExecutionListener@72e797db, org.springframework.test.context.support.DirtiesContextTestExecutionListener@42a2e5cc, org.springframework.test.context.transaction.TransactionalTestExecutionListener@549cd641, org.springframework.test.context.jdbc.SqlScriptsTestExecutionListener@4b670cd]
 [INFO][2015-11-20 17:23:17,011][org.springframework.beans.factory.xml.XmlBeanDefinitionReader]Loading XML bean definitions from class path resource [spring/applicationContext.xml]
 [INFO][2015-11-20 17:23:17,158][org.springframework.beans.factory.xml.XmlBeanDefinitionReader]Loading XML bean definitions from class path resource [spring/applicationContext-dataSources.xml]
 [INFO][2015-11-20 17:23:17,211][org.springframework.context.support.GenericApplicationContext]Refreshing org.springframework.context.support.GenericApplicationContext@7e224235: startup date [Fri Nov 20 17:23:17 CST 2015]; root of context hierarchy
 [INFO][2015-11-20 17:23:17,320][org.springframework.beans.factory.config.PropertyPlaceholderConfigurer]Loading properties file from class path resource [dataSource.properties]
 [INFO][2015-11-20 17:23:17,440][com.mchange.v2.log.MLog]MLog clients using log4j logging.
 [INFO][2015-11-20 17:23:17,674][com.mchange.v2.c3p0.C3P0Registry]Initializing c3p0-0.9.2.1 [built 20-March-2013 10:47:27 +0000; debug? true; trace: 10]
 [INFO][2015-11-20 17:23:17,919][org.hibernate.Version]HHH000412: Hibernate Core {5.0.3.Final}
 [INFO][2015-11-20 17:23:17,920][org.hibernate.cfg.Environment]HHH000206: hibernate.properties not found
 [INFO][2015-11-20 17:23:17,921][org.hibernate.cfg.Environment]HHH000021: Bytecode provider name : javassist
 [INFO][2015-11-20 17:23:17,971][org.hibernate.annotations.common.Version]HCANN000001: Hibernate Commons Annotations {5.0.0.Final}
 [INFO][2015-11-20 17:23:18,080][org.hibernate.dialect.Dialect]HHH000400: Using dialect: org.hibernate.dialect.MySQLDialect
 [INFO][2015-11-20 17:23:18,102][org.hibernate.engine.jdbc.env.internal.LobCreatorBuilderImpl]HHH000422: Disabling contextual LOB creation as connection was null
 [INFO][2015-11-20 17:23:18,580][org.springframework.orm.hibernate5.HibernateTransactionManager]Using DataSource [com.lj.mvn_ssh.dao.DynamicDataSource@6cc4ff62] of Hibernate SessionFactory for HibernateTransactionManager
 [INFO][2015-11-20 17:23:18,741][com.mchange.v2.c3p0.impl.AbstractPoolBackedDataSource]Initializing c3p0 pool... com.mchange.v2.c3p0.ComboPooledDataSource [ acquireIncrement -> 5, acquireRetryAttempts -> 30, acquireRetryDelay -> 1000, autoCommitOnClose -> false, automaticTestTable -> null, breakAfterAcquireFailure -> false, checkoutTimeout -> 0, connectionCustomizerClassName -> null, connectionTesterClassName -> com.mchange.v2.c3p0.impl.DefaultConnectionTester, dataSourceName -> 1hgewap9da1n3ah1thz9d3|3021dfa1, debugUnreturnedConnectionStackTraces -> false, description -> null, driverClass -> com.mysql.jdbc.Driver, factoryClassLocation -> null, forceIgnoreUnresolvedTransactions -> false, identityToken -> 1hgewap9da1n3ah1thz9d3|3021dfa1, idleConnectionTestPeriod -> 60, initialPoolSize -> 5, jdbcUrl -> jdbc:mysql://localhost:3306/test?useUnicode=true&characterEncoding=UTF-8, maxAdministrativeTaskTime -> 0, maxConnectionAge -> 0, maxIdleTime -> 60, maxIdleTimeExcessConnections -> 0, maxPoolSize -> 300, maxStatements -> 0, maxStatementsPerConnection -> 0, minPoolSize -> 1, numHelperThreads -> 3, preferredTestQuery -> null, properties -> {user=******, password=******}, propertyCycle -> 0, statementCacheNumDeferredCloseThreads -> 0, testConnectionOnCheckin -> false, testConnectionOnCheckout -> false, unreturnedConnectionTimeout -> 0, userOverrides -> {}, usesTraditionalReflectiveProxies -> false ]
 [INFO][2015-11-20 17:23:19,004][org.springframework.test.context.transaction.TransactionContext]Began transaction (1) for test context [DefaultTestContext@1f12007b testClass = SpringTestFrame, testInstance = com.lj.mvn_ssh.service.SpringTestFrame@56dd9b2c, testMethod = test@SpringTestFrame, testException = [null], mergedContextConfiguration = [MergedContextConfiguration@67d8ef2f testClass = SpringTestFrame, locations = '{classpath:spring/applicationContext.xml}', classes = '{}', contextInitializerClasses = '[]', activeProfiles = '{}', propertySourceLocations = '{}', propertySourceProperties = '{}', contextLoader = 'org.springframework.test.context.support.DelegatingSmartContextLoader', parent = [null]]]; transaction manager [org.springframework.orm.hibernate5.HibernateTransactionManager@6ef69241]; rollback [true]
 [INFO][2015-11-20 17:23:19,148][org.springframework.test.context.transaction.TransactionContext]Rolled back transaction for test context [DefaultTestContext@1f12007b testClass = SpringTestFrame, testInstance = com.lj.mvn_ssh.service.SpringTestFrame@56dd9b2c, testMethod = test@SpringTestFrame, testException = [null], mergedContextConfiguration = [MergedContextConfiguration@67d8ef2f testClass = SpringTestFrame, locations = '{classpath:spring/applicationContext.xml}', classes = '{}', contextInitializerClasses = '[]', activeProfiles = '{}', propertySourceLocations = '{}', propertySourceProperties = '{}', contextLoader = 'org.springframework.test.context.support.DelegatingSmartContextLoader', parent = [null]]].
 [INFO][2015-11-20 17:23:19,155][org.springframework.context.support.GenericApplicationContext]Closing org.springframework.context.support.GenericApplicationContext@7e224235: startup date [Fri Nov 20 17:23:17 CST 2015]; root of context hierarchy
 [INFO][2015-11-20 20:41:09,216][org.springframework.test.context.support.DefaultTestContextBootstrapper]Loaded default TestExecutionListener class names from location [META-INF/spring.factories]: [org.springframework.test.context.web.ServletTestExecutionListener, org.springframework.test.context.support.DirtiesContextBeforeModesTestExecutionListener, org.springframework.test.context.support.DependencyInjectionTestExecutionListener, org.springframework.test.context.support.DirtiesContextTestExecutionListener, org.springframework.test.context.transaction.TransactionalTestExecutionListener, org.springframework.test.context.jdbc.SqlScriptsTestExecutionListener]
 [INFO][2015-11-20 20:41:09,352][org.springframework.test.context.support.DefaultTestContextBootstrapper]Using TestExecutionListeners: [org.springframework.test.context.web.ServletTestExecutionListener@353e9cf, org.springframework.test.context.support.DirtiesContextBeforeModesTestExecutionListener@7a1b16bd, org.springframework.test.context.support.DependencyInjectionTestExecutionListener@87210ec, org.springframework.test.context.support.DirtiesContextTestExecutionListener@78b4fa48, org.springframework.test.context.transaction.TransactionalTestExecutionListener@319bcae1, org.springframework.test.context.jdbc.SqlScriptsTestExecutionListener@6b249338]
 [INFO][2015-11-20 20:41:09,472][org.springframework.beans.factory.xml.XmlBeanDefinitionReader]Loading XML bean definitions from class path resource [spring/applicationContext.xml]
 [INFO][2015-11-20 20:41:09,636][org.springframework.beans.factory.xml.XmlBeanDefinitionReader]Loading XML bean definitions from class path resource [spring/applicationContext-dataSources.xml]
 [INFO][2015-11-20 20:41:09,694][org.springframework.context.support.GenericApplicationContext]Refreshing org.springframework.context.support.GenericApplicationContext@289dc0a8: startup date [Fri Nov 20 20:41:09 CST 2015]; root of context hierarchy
 [INFO][2015-11-20 20:41:09,800][org.springframework.beans.factory.config.PropertyPlaceholderConfigurer]Loading properties file from class path resource [dataSource.properties]
 [INFO][2015-11-20 20:41:09,919][com.mchange.v2.log.MLog]MLog clients using log4j logging.
 [INFO][2015-11-20 20:41:10,134][com.mchange.v2.c3p0.C3P0Registry]Initializing c3p0-0.9.2.1 [built 20-March-2013 10:47:27 +0000; debug? true; trace: 10]
 [INFO][2015-11-20 20:41:10,371][org.hibernate.Version]HHH000412: Hibernate Core {5.0.3.Final}
 [INFO][2015-11-20 20:41:10,373][org.hibernate.cfg.Environment]HHH000206: hibernate.properties not found
 [INFO][2015-11-20 20:41:10,374][org.hibernate.cfg.Environment]HHH000021: Bytecode provider name : javassist
 [INFO][2015-11-20 20:41:10,421][org.hibernate.annotations.common.Version]HCANN000001: Hibernate Commons Annotations {5.0.0.Final}
 [INFO][2015-11-20 20:41:10,531][org.hibernate.dialect.Dialect]HHH000400: Using dialect: org.hibernate.dialect.MySQLDialect
 [INFO][2015-11-20 20:41:10,552][org.hibernate.engine.jdbc.env.internal.LobCreatorBuilderImpl]HHH000422: Disabling contextual LOB creation as connection was null
 [INFO][2015-11-20 20:41:11,034][org.springframework.orm.hibernate5.HibernateTransactionManager]Using DataSource [com.lj.mvn_ssh.dao.DynamicDataSource@a779ab4] of Hibernate SessionFactory for HibernateTransactionManager
 [INFO][2015-11-20 20:41:11,232][com.mchange.v2.c3p0.impl.AbstractPoolBackedDataSource]Initializing c3p0 pool... com.mchange.v2.c3p0.ComboPooledDataSource [ acquireIncrement -> 5, acquireRetryAttempts -> 30, acquireRetryDelay -> 1000, autoCommitOnClose -> false, automaticTestTable -> null, breakAfterAcquireFailure -> false, checkoutTimeout -> 0, connectionCustomizerClassName -> null, connectionTesterClassName -> com.mchange.v2.c3p0.impl.DefaultConnectionTester, dataSourceName -> 1hgewap9da8pk57ls2umm|378cb51, debugUnreturnedConnectionStackTraces -> false, description -> null, driverClass -> com.mysql.jdbc.Driver, factoryClassLocation -> null, forceIgnoreUnresolvedTransactions -> false, identityToken -> 1hgewap9da8pk57ls2umm|378cb51, idleConnectionTestPeriod -> 60, initialPoolSize -> 5, jdbcUrl -> jdbc:mysql://localhost:3306/test?useUnicode=true&characterEncoding=UTF-8, maxAdministrativeTaskTime -> 0, maxConnectionAge -> 0, maxIdleTime -> 60, maxIdleTimeExcessConnections -> 0, maxPoolSize -> 300, maxStatements -> 0, maxStatementsPerConnection -> 0, minPoolSize -> 1, numHelperThreads -> 3, preferredTestQuery -> null, properties -> {user=******, password=******}, propertyCycle -> 0, statementCacheNumDeferredCloseThreads -> 0, testConnectionOnCheckin -> false, testConnectionOnCheckout -> false, unreturnedConnectionTimeout -> 0, userOverrides -> {}, usesTraditionalReflectiveProxies -> false ]
 [INFO][2015-11-20 20:41:13,144][org.springframework.test.context.transaction.TransactionContext]Began transaction (1) for test context [DefaultTestContext@4d4fe047 testClass = SpringTestFrame, testInstance = com.lj.mvn_ssh.service.SpringTestFrame@370d7cf8, testMethod = test@SpringTestFrame, testException = [null], mergedContextConfiguration = [MergedContextConfiguration@26a9a0b8 testClass = SpringTestFrame, locations = '{classpath:spring/applicationContext.xml}', classes = '{}', contextInitializerClasses = '[]', activeProfiles = '{}', propertySourceLocations = '{}', propertySourceProperties = '{}', contextLoader = 'org.springframework.test.context.support.DelegatingSmartContextLoader', parent = [null]]]; transaction manager [org.springframework.orm.hibernate5.HibernateTransactionManager@56879a04]; rollback [true]
 [INFO][2015-11-20 20:41:13,169][org.springframework.test.context.transaction.TransactionContext]Rolled back transaction for test context [DefaultTestContext@4d4fe047 testClass = SpringTestFrame, testInstance = com.lj.mvn_ssh.service.SpringTestFrame@370d7cf8, testMethod = test@SpringTestFrame, testException = [null], mergedContextConfiguration = [MergedContextConfiguration@26a9a0b8 testClass = SpringTestFrame, locations = '{classpath:spring/applicationContext.xml}', classes = '{}', contextInitializerClasses = '[]', activeProfiles = '{}', propertySourceLocations = '{}', propertySourceProperties = '{}', contextLoader = 'org.springframework.test.context.support.DelegatingSmartContextLoader', parent = [null]]].
 [INFO][2015-11-20 20:41:13,172][org.springframework.context.support.GenericApplicationContext]Closing org.springframework.context.support.GenericApplicationContext@289dc0a8: startup date [Fri Nov 20 20:41:09 CST 2015]; root of context hierarchy
 [INFO][2015-11-23 11:18:47,805][org.springframework.test.context.support.DefaultTestContextBootstrapper]Loaded default TestExecutionListener class names from location [META-INF/spring.factories]: [org.springframework.test.context.web.ServletTestExecutionListener, org.springframework.test.context.support.DirtiesContextBeforeModesTestExecutionListener, org.springframework.test.context.support.DependencyInjectionTestExecutionListener, org.springframework.test.context.support.DirtiesContextTestExecutionListener, org.springframework.test.context.transaction.TransactionalTestExecutionListener, org.springframework.test.context.jdbc.SqlScriptsTestExecutionListener]
 [INFO][2015-11-23 11:18:48,053][org.springframework.test.context.support.DefaultTestContextBootstrapper]Using TestExecutionListeners: [org.springframework.test.context.web.ServletTestExecutionListener@2e3d787c, org.springframework.test.context.support.DirtiesContextBeforeModesTestExecutionListener@45b12c9b, org.springframework.test.context.support.DependencyInjectionTestExecutionListener@72e797db, org.springframework.test.context.support.DirtiesContextTestExecutionListener@42a2e5cc, org.springframework.test.context.transaction.TransactionalTestExecutionListener@549cd641, org.springframework.test.context.jdbc.SqlScriptsTestExecutionListener@4b670cd]
 [INFO][2015-11-23 11:18:49,064][org.springframework.beans.factory.xml.XmlBeanDefinitionReader]Loading XML bean definitions from class path resource [spring/applicationContext.xml]
 [INFO][2015-11-23 11:19:20,560][org.springframework.test.context.support.DefaultTestContextBootstrapper]Loaded default TestExecutionListener class names from location [META-INF/spring.factories]: [org.springframework.test.context.web.ServletTestExecutionListener, org.springframework.test.context.support.DirtiesContextBeforeModesTestExecutionListener, org.springframework.test.context.support.DependencyInjectionTestExecutionListener, org.springframework.test.context.support.DirtiesContextTestExecutionListener, org.springframework.test.context.transaction.TransactionalTestExecutionListener, org.springframework.test.context.jdbc.SqlScriptsTestExecutionListener]
 [INFO][2015-11-23 11:19:20,575][org.springframework.test.context.support.DefaultTestContextBootstrapper]Using TestExecutionListeners: [org.springframework.test.context.web.ServletTestExecutionListener@66af5e3c, org.springframework.test.context.support.DirtiesContextBeforeModesTestExecutionListener@353e9cf, org.springframework.test.context.support.DependencyInjectionTestExecutionListener@7a1b16bd, org.springframework.test.context.support.DirtiesContextTestExecutionListener@87210ec, org.springframework.test.context.transaction.TransactionalTestExecutionListener@78b4fa48, org.springframework.test.context.jdbc.SqlScriptsTestExecutionListener@319bcae1]
 [INFO][2015-11-23 11:19:20,660][org.springframework.beans.factory.xml.XmlBeanDefinitionReader]Loading XML bean definitions from class path resource [spring/applicationContext.xml]
 [INFO][2015-11-23 11:19:20,955][org.springframework.beans.factory.xml.XmlBeanDefinitionReader]Loading XML bean definitions from class path resource [spring/applicationContext-dataSources.xml]
 [INFO][2015-11-23 11:19:21,097][org.springframework.context.support.GenericApplicationContext]Refreshing org.springframework.context.support.GenericApplicationContext@1660bb22: startup date [Mon Nov 23 11:19:21 CST 2015]; root of context hierarchy
 [INFO][2015-11-23 11:19:21,910][org.springframework.beans.factory.config.PropertyPlaceholderConfigurer]Loading properties file from class path resource [dataSource.properties]
 [INFO][2015-11-23 11:19:22,874][com.mchange.v2.log.MLog]MLog clients using log4j logging.
 [INFO][2015-11-23 11:19:24,130][com.mchange.v2.c3p0.C3P0Registry]Initializing c3p0-0.9.2.1 [built 20-March-2013 10:47:27 +0000; debug? true; trace: 10]
 [INFO][2015-11-23 11:19:25,841][org.hibernate.Version]HHH000412: Hibernate Core {5.0.3.Final}
 [INFO][2015-11-23 11:19:25,845][org.hibernate.cfg.Environment]HHH000206: hibernate.properties not found
 [INFO][2015-11-23 11:19:25,848][org.hibernate.cfg.Environment]HHH000021: Bytecode provider name : javassist
 [INFO][2015-11-23 11:19:26,240][org.hibernate.annotations.common.Version]HCANN000001: Hibernate Commons Annotations {5.0.0.Final}
 [INFO][2015-11-23 11:19:26,610][org.hibernate.dialect.Dialect]HHH000400: Using dialect: org.hibernate.dialect.MySQLDialect
 [INFO][2015-11-23 11:19:26,712][org.hibernate.engine.jdbc.env.internal.LobCreatorBuilderImpl]HHH000422: Disabling contextual LOB creation as connection was null
 [INFO][2015-11-23 11:19:29,279][org.springframework.orm.hibernate5.HibernateTransactionManager]Using DataSource [com.lj.mvn_ssh.dao.DynamicDataSource@53185f3b] of Hibernate SessionFactory for HibernateTransactionManager
 [INFO][2015-11-23 11:19:29,977][com.mchange.v2.c3p0.impl.AbstractPoolBackedDataSource]Initializing c3p0 pool... com.mchange.v2.c3p0.ComboPooledDataSource [ acquireIncrement -> 5, acquireRetryAttempts -> 30, acquireRetryDelay -> 1000, autoCommitOnClose -> false, automaticTestTable -> null, breakAfterAcquireFailure -> false, checkoutTimeout -> 0, connectionCustomizerClassName -> null, connectionTesterClassName -> com.mchange.v2.c3p0.impl.DefaultConnectionTester, dataSourceName -> 1hgewap9ddyynsa1lyn8l2|3598b354, debugUnreturnedConnectionStackTraces -> false, description -> null, driverClass -> com.mysql.jdbc.Driver, factoryClassLocation -> null, forceIgnoreUnresolvedTransactions -> false, identityToken -> 1hgewap9ddyynsa1lyn8l2|3598b354, idleConnectionTestPeriod -> 60, initialPoolSize -> 5, jdbcUrl -> jdbc:mysql://localhost:3306/test?useUnicode=true&characterEncoding=UTF-8, maxAdministrativeTaskTime -> 0, maxConnectionAge -> 0, maxIdleTime -> 60, maxIdleTimeExcessConnections -> 0, maxPoolSize -> 300, maxStatements -> 0, maxStatementsPerConnection -> 0, minPoolSize -> 1, numHelperThreads -> 3, preferredTestQuery -> null, properties -> {user=******, password=******}, propertyCycle -> 0, statementCacheNumDeferredCloseThreads -> 0, testConnectionOnCheckin -> false, testConnectionOnCheckout -> false, unreturnedConnectionTimeout -> 0, userOverrides -> {}, usesTraditionalReflectiveProxies -> false ]
 [INFO][2015-11-23 11:19:30,804][org.springframework.test.context.transaction.TransactionContext]Began transaction (1) for test context [DefaultTestContext@73b4c610 testClass = SpringTestFrame, testInstance = com.lj.mvn_ssh.service.SpringTestFrame@61377fc8, testMethod = test@SpringTestFrame, testException = [null], mergedContextConfiguration = [MergedContextConfiguration@321af6fe testClass = SpringTestFrame, locations = '{classpath:spring/applicationContext.xml}', classes = '{}', contextInitializerClasses = '[]', activeProfiles = '{}', propertySourceLocations = '{}', propertySourceProperties = '{}', contextLoader = 'org.springframework.test.context.support.DelegatingSmartContextLoader', parent = [null]]]; transaction manager [org.springframework.orm.hibernate5.HibernateTransactionManager@2a65555]; rollback [true]
 [INFO][2015-11-23 11:19:30,915][org.springframework.test.context.transaction.TransactionContext]Rolled back transaction for test context [DefaultTestContext@73b4c610 testClass = SpringTestFrame, testInstance = com.lj.mvn_ssh.service.SpringTestFrame@61377fc8, testMethod = test@SpringTestFrame, testException = [null], mergedContextConfiguration = [MergedContextConfiguration@321af6fe testClass = SpringTestFrame, locations = '{classpath:spring/applicationContext.xml}', classes = '{}', contextInitializerClasses = '[]', activeProfiles = '{}', propertySourceLocations = '{}', propertySourceProperties = '{}', contextLoader = 'org.springframework.test.context.support.DelegatingSmartContextLoader', parent = [null]]].
 [INFO][2015-11-23 11:19:30,936][org.springframework.context.support.GenericApplicationContext]Closing org.springframework.context.support.GenericApplicationContext@1660bb22: startup date [Mon Nov 23 11:19:21 CST 2015]; root of context hierarchy
 [INFO][2015-11-23 11:21:49,447][org.springframework.test.context.support.DefaultTestContextBootstrapper]Loaded default TestExecutionListener class names from location [META-INF/spring.factories]: [org.springframework.test.context.web.ServletTestExecutionListener, org.springframework.test.context.support.DirtiesContextBeforeModesTestExecutionListener, org.springframework.test.context.support.DependencyInjectionTestExecutionListener, org.springframework.test.context.support.DirtiesContextTestExecutionListener, org.springframework.test.context.transaction.TransactionalTestExecutionListener, org.springframework.test.context.jdbc.SqlScriptsTestExecutionListener]
 [INFO][2015-11-23 11:21:49,457][org.springframework.test.context.support.DefaultTestContextBootstrapper]Using TestExecutionListeners: [org.springframework.test.context.web.ServletTestExecutionListener@7c2848b1, org.springframework.test.context.support.DirtiesContextBeforeModesTestExecutionListener@38bc9c25, org.springframework.test.context.support.DependencyInjectionTestExecutionListener@66af5e3c, org.springframework.test.context.support.DirtiesContextTestExecutionListener@353e9cf, org.springframework.test.context.transaction.TransactionalTestExecutionListener@7a1b16bd, org.springframework.test.context.jdbc.SqlScriptsTestExecutionListener@87210ec]
 [INFO][2015-11-23 11:21:49,547][org.springframework.beans.factory.xml.XmlBeanDefinitionReader]Loading XML bean definitions from class path resource [spring/applicationContext.xml]
 [INFO][2015-11-23 11:21:49,687][org.springframework.beans.factory.xml.XmlBeanDefinitionReader]Loading XML bean definitions from class path resource [spring/applicationContext-dataSources.xml]
 [INFO][2015-11-23 11:21:49,727][org.springframework.context.support.GenericApplicationContext]Refreshing org.springframework.context.support.GenericApplicationContext@c847fcf: startup date [Mon Nov 23 11:21:49 CST 2015]; root of context hierarchy
 [INFO][2015-11-23 11:21:49,807][org.springframework.beans.factory.config.PropertyPlaceholderConfigurer]Loading properties file from class path resource [dataSource.properties]
 [INFO][2015-11-23 11:21:49,918][com.mchange.v2.log.MLog]MLog clients using log4j logging.
 [INFO][2015-11-23 11:21:50,098][com.mchange.v2.c3p0.C3P0Registry]Initializing c3p0-0.9.2.1 [built 20-March-2013 10:47:27 +0000; debug? true; trace: 10]
 [INFO][2015-11-23 11:21:50,448][org.hibernate.Version]HHH000412: Hibernate Core {5.0.3.Final}
 [INFO][2015-11-23 11:21:50,448][org.hibernate.cfg.Environment]HHH000206: hibernate.properties not found
 [INFO][2015-11-23 11:21:50,448][org.hibernate.cfg.Environment]HHH000021: Bytecode provider name : javassist
 [INFO][2015-11-23 11:21:50,488][org.hibernate.annotations.common.Version]HCANN000001: Hibernate Commons Annotations {5.0.0.Final}
 [INFO][2015-11-23 11:21:50,588][org.hibernate.dialect.Dialect]HHH000400: Using dialect: org.hibernate.dialect.MySQLDialect
 [INFO][2015-11-23 11:21:50,598][org.hibernate.engine.jdbc.env.internal.LobCreatorBuilderImpl]HHH000422: Disabling contextual LOB creation as connection was null
 [INFO][2015-11-23 11:21:50,998][org.springframework.orm.hibernate5.HibernateTransactionManager]Using DataSource [com.lj.mvn_ssh.dao.DynamicDataSource@202a2991] of Hibernate SessionFactory for HibernateTransactionManager
 [INFO][2015-11-23 11:21:51,199][com.mchange.v2.c3p0.impl.AbstractPoolBackedDataSource]Initializing c3p0 pool... com.mchange.v2.c3p0.ComboPooledDataSource [ acquireIncrement -> 5, acquireRetryAttempts -> 30, acquireRetryDelay -> 1000, autoCommitOnClose -> false, automaticTestTable -> null, breakAfterAcquireFailure -> false, checkoutTimeout -> 0, connectionCustomizerClassName -> null, connectionTesterClassName -> com.mchange.v2.c3p0.impl.DefaultConnectionTester, dataSourceName -> 1hgewap9ddz1t301pr0pgk|3ca6a478, debugUnreturnedConnectionStackTraces -> false, description -> null, driverClass -> com.mysql.jdbc.Driver, factoryClassLocation -> null, forceIgnoreUnresolvedTransactions -> false, identityToken -> 1hgewap9ddz1t301pr0pgk|3ca6a478, idleConnectionTestPeriod -> 60, initialPoolSize -> 5, jdbcUrl -> jdbc:mysql://localhost:3306/test?useUnicode=true&characterEncoding=UTF-8, maxAdministrativeTaskTime -> 0, maxConnectionAge -> 0, maxIdleTime -> 60, maxIdleTimeExcessConnections -> 0, maxPoolSize -> 300, maxStatements -> 0, maxStatementsPerConnection -> 0, minPoolSize -> 1, numHelperThreads -> 3, preferredTestQuery -> null, properties -> {user=******, password=******}, propertyCycle -> 0, statementCacheNumDeferredCloseThreads -> 0, testConnectionOnCheckin -> false, testConnectionOnCheckout -> false, unreturnedConnectionTimeout -> 0, userOverrides -> {}, usesTraditionalReflectiveProxies -> false ]
 [INFO][2015-11-23 11:21:51,429][org.springframework.test.context.transaction.TransactionContext]Began transaction (1) for test context [DefaultTestContext@17e27653 testClass = SpringTestFrame, testInstance = com.lj.mvn_ssh.service.SpringTestFrame@14c64f65, testMethod = test@SpringTestFrame, testException = [null], mergedContextConfiguration = [MergedContextConfiguration@e885c6a testClass = SpringTestFrame, locations = '{classpath:spring/applicationContext.xml}', classes = '{}', contextInitializerClasses = '[]', activeProfiles = '{}', propertySourceLocations = '{}', propertySourceProperties = '{}', contextLoader = 'org.springframework.test.context.support.DelegatingSmartContextLoader', parent = [null]]]; transaction manager [org.springframework.orm.hibernate5.HibernateTransactionManager@67867a8a]; rollback [true]
 [INFO][2015-11-23 11:21:51,449][org.springframework.test.context.transaction.TransactionContext]Rolled back transaction for test context [DefaultTestContext@17e27653 testClass = SpringTestFrame, testInstance = com.lj.mvn_ssh.service.SpringTestFrame@14c64f65, testMethod = test@SpringTestFrame, testException = [null], mergedContextConfiguration = [MergedContextConfiguration@e885c6a testClass = SpringTestFrame, locations = '{classpath:spring/applicationContext.xml}', classes = '{}', contextInitializerClasses = '[]', activeProfiles = '{}', propertySourceLocations = '{}', propertySourceProperties = '{}', contextLoader = 'org.springframework.test.context.support.DelegatingSmartContextLoader', parent = [null]]].
 [INFO][2015-11-23 11:21:51,449][org.springframework.context.support.GenericApplicationContext]Closing org.springframework.context.support.GenericApplicationContext@c847fcf: startup date [Mon Nov 23 11:21:49 CST 2015]; root of context hierarchy
 